<?xml version="1.0" encoding="UTF-8"?>
<!-- Generated by org.testng.reporters.JUnitReportReporter -->
<testsuite skipped="0" hostname="DESKTOP-C12RE2V" name="co.edureka.testscripts.OrderCourse" tests="2" failures="0" timestamp="04 Mar 2019 00:13:32 GMT" time="104.613" errors="0">
  <testcase name="TC01_Order_Course" time="57.404" classname="co.edureka.testscripts.OrderCourse"/>
  <testcase name="TC01_Order_Course" time="47.209" classname="co.edureka.testscripts.OrderCourse"/>
</testsuite> <!-- co.edureka.testscripts.OrderCourse -->
